[INFO  - 2014-09-11T01:22:32.596Z] GhostDriver - Main - running on port 62805
[INFO  - 2014-09-11T01:22:32.620Z] Session [1ab5a190-3952-11e4-9628-77594c6f9f7e] - _decorateNewWindow - page.settings: {"XSSAuditingEnabled":false,"javascriptCanCloseWindows":true,"javascriptCanOpenWindows":true,"javascriptEnabled":true,"loadImages":true,"localToRemoteUrlAccessEnabled":false,"userAgent":"Mozilla/5.0 (Macintosh; Intel Mac OS X) AppleWebKit/534.34 (KHTML, like Gecko) PhantomJS/1.9.2 Safari/534.34","webSecurityEnabled":true}
[INFO  - 2014-09-11T01:22:32.620Z] Session [1ab5a190-3952-11e4-9628-77594c6f9f7e] - page.customHeaders:  - {}
[INFO  - 2014-09-11T01:22:32.620Z] Session [1ab5a190-3952-11e4-9628-77594c6f9f7e] - CONSTRUCTOR - Desired Capabilities: {"browserName":"phantomjs"}
[INFO  - 2014-09-11T01:22:32.620Z] Session [1ab5a190-3952-11e4-9628-77594c6f9f7e] - CONSTRUCTOR - Negotiated Capabilities: {"browserName":"phantomjs","version":"1.9.2","driverName":"ghostdriver","driverVersion":"1.0.4","platform":"mac-unknown-32bit","javascriptEnabled":true,"takesScreenshot":true,"handlesAlerts":false,"databaseEnabled":false,"locationContextEnabled":false,"applicationCacheEnabled":false,"browserConnectionEnabled":false,"cssSelectorsEnabled":true,"webStorageEnabled":false,"rotatable":false,"acceptSslCerts":false,"nativeEvents":true,"proxy":{"proxyType":"direct"}}
[INFO  - 2014-09-11T01:22:32.620Z] SessionManagerReqHand - _postNewSessionCommand - New Session Created: 1ab5a190-3952-11e4-9628-77594c6f9f7e
[INFO  - 2014-09-11T17:18:09.741Z] GhostDriver - Main - running on port 50111
[INFO  - 2014-09-11T17:18:09.790Z] Session [9a5374b0-39d7-11e4-88eb-5795cae8e0c4] - _decorateNewWindow - page.settings: {"XSSAuditingEnabled":false,"javascriptCanCloseWindows":true,"javascriptCanOpenWindows":true,"javascriptEnabled":true,"loadImages":true,"localToRemoteUrlAccessEnabled":false,"userAgent":"Mozilla/5.0 (Macintosh; Intel Mac OS X) AppleWebKit/534.34 (KHTML, like Gecko) PhantomJS/1.9.2 Safari/534.34","webSecurityEnabled":true}
[INFO  - 2014-09-11T17:18:09.790Z] Session [9a5374b0-39d7-11e4-88eb-5795cae8e0c4] - page.customHeaders:  - {}
[INFO  - 2014-09-11T17:18:09.790Z] Session [9a5374b0-39d7-11e4-88eb-5795cae8e0c4] - CONSTRUCTOR - Desired Capabilities: {"browserName":"phantomjs"}
[INFO  - 2014-09-11T17:18:09.790Z] Session [9a5374b0-39d7-11e4-88eb-5795cae8e0c4] - CONSTRUCTOR - Negotiated Capabilities: {"browserName":"phantomjs","version":"1.9.2","driverName":"ghostdriver","driverVersion":"1.0.4","platform":"mac-unknown-32bit","javascriptEnabled":true,"takesScreenshot":true,"handlesAlerts":false,"databaseEnabled":false,"locationContextEnabled":false,"applicationCacheEnabled":false,"browserConnectionEnabled":false,"cssSelectorsEnabled":true,"webStorageEnabled":false,"rotatable":false,"acceptSslCerts":false,"nativeEvents":true,"proxy":{"proxyType":"direct"}}
[INFO  - 2014-09-11T17:18:09.790Z] SessionManagerReqHand - _postNewSessionCommand - New Session Created: 9a5374b0-39d7-11e4-88eb-5795cae8e0c4
[INFO  - 2014-09-11T17:20:26.730Z] GhostDriver - Main - running on port 62889
[INFO  - 2014-09-11T17:20:26.755Z] Session [ebf6a800-39d7-11e4-af13-272aa3ef32e7] - _decorateNewWindow - page.settings: {"XSSAuditingEnabled":false,"javascriptCanCloseWindows":true,"javascriptCanOpenWindows":true,"javascriptEnabled":true,"loadImages":true,"localToRemoteUrlAccessEnabled":false,"userAgent":"Mozilla/5.0 (Macintosh; Intel Mac OS X) AppleWebKit/534.34 (KHTML, like Gecko) PhantomJS/1.9.2 Safari/534.34","webSecurityEnabled":true}
[INFO  - 2014-09-11T17:20:26.755Z] Session [ebf6a800-39d7-11e4-af13-272aa3ef32e7] - page.customHeaders:  - {}
[INFO  - 2014-09-11T17:20:26.755Z] Session [ebf6a800-39d7-11e4-af13-272aa3ef32e7] - CONSTRUCTOR - Desired Capabilities: {"browserName":"phantomjs"}
[INFO  - 2014-09-11T17:20:26.755Z] Session [ebf6a800-39d7-11e4-af13-272aa3ef32e7] - CONSTRUCTOR - Negotiated Capabilities: {"browserName":"phantomjs","version":"1.9.2","driverName":"ghostdriver","driverVersion":"1.0.4","platform":"mac-unknown-32bit","javascriptEnabled":true,"takesScreenshot":true,"handlesAlerts":false,"databaseEnabled":false,"locationContextEnabled":false,"applicationCacheEnabled":false,"browserConnectionEnabled":false,"cssSelectorsEnabled":true,"webStorageEnabled":false,"rotatable":false,"acceptSslCerts":false,"nativeEvents":true,"proxy":{"proxyType":"direct"}}
[INFO  - 2014-09-11T17:20:26.755Z] SessionManagerReqHand - _postNewSessionCommand - New Session Created: ebf6a800-39d7-11e4-af13-272aa3ef32e7
[INFO  - 2014-09-11T17:24:52.840Z] GhostDriver - Main - running on port 49813
[INFO  - 2014-09-11T17:24:52.886Z] Session [8a972d40-39d8-11e4-ac37-11c6e79e5d0b] - _decorateNewWindow - page.settings: {"XSSAuditingEnabled":false,"javascriptCanCloseWindows":true,"javascriptCanOpenWindows":true,"javascriptEnabled":true,"loadImages":true,"localToRemoteUrlAccessEnabled":false,"userAgent":"Mozilla/5.0 (Macintosh; Intel Mac OS X) AppleWebKit/534.34 (KHTML, like Gecko) PhantomJS/1.9.2 Safari/534.34","webSecurityEnabled":true}
[INFO  - 2014-09-11T17:24:52.886Z] Session [8a972d40-39d8-11e4-ac37-11c6e79e5d0b] - page.customHeaders:  - {}
[INFO  - 2014-09-11T17:24:52.886Z] Session [8a972d40-39d8-11e4-ac37-11c6e79e5d0b] - CONSTRUCTOR - Desired Capabilities: {"browserName":"phantomjs"}
[INFO  - 2014-09-11T17:24:52.886Z] Session [8a972d40-39d8-11e4-ac37-11c6e79e5d0b] - CONSTRUCTOR - Negotiated Capabilities: {"browserName":"phantomjs","version":"1.9.2","driverName":"ghostdriver","driverVersion":"1.0.4","platform":"mac-unknown-32bit","javascriptEnabled":true,"takesScreenshot":true,"handlesAlerts":false,"databaseEnabled":false,"locationContextEnabled":false,"applicationCacheEnabled":false,"browserConnectionEnabled":false,"cssSelectorsEnabled":true,"webStorageEnabled":false,"rotatable":false,"acceptSslCerts":false,"nativeEvents":true,"proxy":{"proxyType":"direct"}}
[INFO  - 2014-09-11T17:24:52.887Z] SessionManagerReqHand - _postNewSessionCommand - New Session Created: 8a972d40-39d8-11e4-ac37-11c6e79e5d0b
[INFO  - 2014-09-11T17:29:52.839Z] SessionManagerReqHand - _cleanupWindowlessSessions - Asynchronous Sessions clean-up phase starting NOW
[INFO  - 2014-09-11T17:34:52.840Z] SessionManagerReqHand - _cleanupWindowlessSessions - Asynchronous Sessions clean-up phase starting NOW
[INFO  - 2014-09-11T17:39:52.840Z] SessionManagerReqHand - _cleanupWindowlessSessions - Asynchronous Sessions clean-up phase starting NOW
[INFO  - 2014-09-11T17:46:06.798Z] GhostDriver - Main - running on port 51006
[INFO  - 2014-09-11T17:46:06.818Z] Session [81e9c600-39db-11e4-8e8f-f3f7f5c7e478] - _decorateNewWindow - page.settings: {"XSSAuditingEnabled":false,"javascriptCanCloseWindows":true,"javascriptCanOpenWindows":true,"javascriptEnabled":true,"loadImages":true,"localToRemoteUrlAccessEnabled":false,"userAgent":"Mozilla/5.0 (Macintosh; Intel Mac OS X) AppleWebKit/534.34 (KHTML, like Gecko) PhantomJS/1.9.2 Safari/534.34","webSecurityEnabled":true}
[INFO  - 2014-09-11T17:46:06.818Z] Session [81e9c600-39db-11e4-8e8f-f3f7f5c7e478] - page.customHeaders:  - {}
[INFO  - 2014-09-11T17:46:06.818Z] Session [81e9c600-39db-11e4-8e8f-f3f7f5c7e478] - CONSTRUCTOR - Desired Capabilities: {"browserName":"phantomjs"}
[INFO  - 2014-09-11T17:46:06.818Z] Session [81e9c600-39db-11e4-8e8f-f3f7f5c7e478] - CONSTRUCTOR - Negotiated Capabilities: {"browserName":"phantomjs","version":"1.9.2","driverName":"ghostdriver","driverVersion":"1.0.4","platform":"mac-unknown-32bit","javascriptEnabled":true,"takesScreenshot":true,"handlesAlerts":false,"databaseEnabled":false,"locationContextEnabled":false,"applicationCacheEnabled":false,"browserConnectionEnabled":false,"cssSelectorsEnabled":true,"webStorageEnabled":false,"rotatable":false,"acceptSslCerts":false,"nativeEvents":true,"proxy":{"proxyType":"direct"}}
[INFO  - 2014-09-11T17:46:06.818Z] SessionManagerReqHand - _postNewSessionCommand - New Session Created: 81e9c600-39db-11e4-8e8f-f3f7f5c7e478
[INFO  - 2014-09-11T17:46:15.259Z] GhostDriver - Main - running on port 61455
[INFO  - 2014-09-11T17:46:15.282Z] Session [86f51ff0-39db-11e4-a844-cd08a2fc7b55] - _decorateNewWindow - page.settings: {"XSSAuditingEnabled":false,"javascriptCanCloseWindows":true,"javascriptCanOpenWindows":true,"javascriptEnabled":true,"loadImages":true,"localToRemoteUrlAccessEnabled":false,"userAgent":"Mozilla/5.0 (Macintosh; Intel Mac OS X) AppleWebKit/534.34 (KHTML, like Gecko) PhantomJS/1.9.2 Safari/534.34","webSecurityEnabled":true}
[INFO  - 2014-09-11T17:46:15.282Z] Session [86f51ff0-39db-11e4-a844-cd08a2fc7b55] - page.customHeaders:  - {}
[INFO  - 2014-09-11T17:46:15.282Z] Session [86f51ff0-39db-11e4-a844-cd08a2fc7b55] - CONSTRUCTOR - Desired Capabilities: {"browserName":"phantomjs"}
[INFO  - 2014-09-11T17:46:15.282Z] Session [86f51ff0-39db-11e4-a844-cd08a2fc7b55] - CONSTRUCTOR - Negotiated Capabilities: {"browserName":"phantomjs","version":"1.9.2","driverName":"ghostdriver","driverVersion":"1.0.4","platform":"mac-unknown-32bit","javascriptEnabled":true,"takesScreenshot":true,"handlesAlerts":false,"databaseEnabled":false,"locationContextEnabled":false,"applicationCacheEnabled":false,"browserConnectionEnabled":false,"cssSelectorsEnabled":true,"webStorageEnabled":false,"rotatable":false,"acceptSslCerts":false,"nativeEvents":true,"proxy":{"proxyType":"direct"}}
[INFO  - 2014-09-11T17:46:15.282Z] SessionManagerReqHand - _postNewSessionCommand - New Session Created: 86f51ff0-39db-11e4-a844-cd08a2fc7b55
[INFO  - 2014-09-11T17:51:15.259Z] SessionManagerReqHand - _cleanupWindowlessSessions - Asynchronous Sessions clean-up phase starting NOW
[INFO  - 2014-09-12T23:34:33.900Z] GhostDriver - Main - running on port 51006
[INFO  - 2014-09-12T23:34:34.079Z] Session [5a02de60-3ad5-11e4-9396-0ba98fa7d795] - _decorateNewWindow - page.settings: {"XSSAuditingEnabled":false,"javascriptCanCloseWindows":true,"javascriptCanOpenWindows":true,"javascriptEnabled":true,"loadImages":true,"localToRemoteUrlAccessEnabled":false,"userAgent":"Mozilla/5.0 (Macintosh; Intel Mac OS X) AppleWebKit/534.34 (KHTML, like Gecko) PhantomJS/1.9.2 Safari/534.34","webSecurityEnabled":true}
[INFO  - 2014-09-12T23:34:34.079Z] Session [5a02de60-3ad5-11e4-9396-0ba98fa7d795] - page.customHeaders:  - {}
[INFO  - 2014-09-12T23:34:34.079Z] Session [5a02de60-3ad5-11e4-9396-0ba98fa7d795] - CONSTRUCTOR - Desired Capabilities: {"browserName":"phantomjs"}
[INFO  - 2014-09-12T23:34:34.079Z] Session [5a02de60-3ad5-11e4-9396-0ba98fa7d795] - CONSTRUCTOR - Negotiated Capabilities: {"browserName":"phantomjs","version":"1.9.2","driverName":"ghostdriver","driverVersion":"1.0.4","platform":"mac-unknown-32bit","javascriptEnabled":true,"takesScreenshot":true,"handlesAlerts":false,"databaseEnabled":false,"locationContextEnabled":false,"applicationCacheEnabled":false,"browserConnectionEnabled":false,"cssSelectorsEnabled":true,"webStorageEnabled":false,"rotatable":false,"acceptSslCerts":false,"nativeEvents":true,"proxy":{"proxyType":"direct"}}
[INFO  - 2014-09-12T23:34:34.080Z] SessionManagerReqHand - _postNewSessionCommand - New Session Created: 5a02de60-3ad5-11e4-9396-0ba98fa7d795
[INFO  - 2014-09-12T23:39:33.860Z] SessionManagerReqHand - _cleanupWindowlessSessions - Asynchronous Sessions clean-up phase starting NOW
[INFO  - 2014-09-12T23:41:34.182Z] GhostDriver - Main - running on port 50797
[INFO  - 2014-09-12T23:41:34.239Z] Session [5474f180-3ad6-11e4-bab9-f3c0ffc91eb2] - _decorateNewWindow - page.settings: {"XSSAuditingEnabled":false,"javascriptCanCloseWindows":true,"javascriptCanOpenWindows":true,"javascriptEnabled":true,"loadImages":true,"localToRemoteUrlAccessEnabled":false,"userAgent":"Mozilla/5.0 (Macintosh; Intel Mac OS X) AppleWebKit/534.34 (KHTML, like Gecko) PhantomJS/1.9.2 Safari/534.34","webSecurityEnabled":true}
[INFO  - 2014-09-12T23:41:34.240Z] Session [5474f180-3ad6-11e4-bab9-f3c0ffc91eb2] - page.customHeaders:  - {}
[INFO  - 2014-09-12T23:41:34.240Z] Session [5474f180-3ad6-11e4-bab9-f3c0ffc91eb2] - CONSTRUCTOR - Desired Capabilities: {"browserName":"phantomjs"}
[INFO  - 2014-09-12T23:41:34.240Z] Session [5474f180-3ad6-11e4-bab9-f3c0ffc91eb2] - CONSTRUCTOR - Negotiated Capabilities: {"browserName":"phantomjs","version":"1.9.2","driverName":"ghostdriver","driverVersion":"1.0.4","platform":"mac-unknown-32bit","javascriptEnabled":true,"takesScreenshot":true,"handlesAlerts":false,"databaseEnabled":false,"locationContextEnabled":false,"applicationCacheEnabled":false,"browserConnectionEnabled":false,"cssSelectorsEnabled":true,"webStorageEnabled":false,"rotatable":false,"acceptSslCerts":false,"nativeEvents":true,"proxy":{"proxyType":"direct"}}
[INFO  - 2014-09-12T23:41:34.240Z] SessionManagerReqHand - _postNewSessionCommand - New Session Created: 5474f180-3ad6-11e4-bab9-f3c0ffc91eb2
[INFO  - 2014-09-12T23:42:57.855Z] GhostDriver - Main - running on port 56464
[INFO  - 2014-09-12T23:42:57.903Z] Session [865383b0-3ad6-11e4-a1d6-6f975f065c6b] - _decorateNewWindow - page.settings: {"XSSAuditingEnabled":false,"javascriptCanCloseWindows":true,"javascriptCanOpenWindows":true,"javascriptEnabled":true,"loadImages":true,"localToRemoteUrlAccessEnabled":false,"userAgent":"Mozilla/5.0 (Macintosh; Intel Mac OS X) AppleWebKit/534.34 (KHTML, like Gecko) PhantomJS/1.9.2 Safari/534.34","webSecurityEnabled":true}
[INFO  - 2014-09-12T23:42:57.903Z] Session [865383b0-3ad6-11e4-a1d6-6f975f065c6b] - page.customHeaders:  - {}
[INFO  - 2014-09-12T23:42:57.903Z] Session [865383b0-3ad6-11e4-a1d6-6f975f065c6b] - CONSTRUCTOR - Desired Capabilities: {"browserName":"phantomjs"}
[INFO  - 2014-09-12T23:42:57.904Z] Session [865383b0-3ad6-11e4-a1d6-6f975f065c6b] - CONSTRUCTOR - Negotiated Capabilities: {"browserName":"phantomjs","version":"1.9.2","driverName":"ghostdriver","driverVersion":"1.0.4","platform":"mac-unknown-32bit","javascriptEnabled":true,"takesScreenshot":true,"handlesAlerts":false,"databaseEnabled":false,"locationContextEnabled":false,"applicationCacheEnabled":false,"browserConnectionEnabled":false,"cssSelectorsEnabled":true,"webStorageEnabled":false,"rotatable":false,"acceptSslCerts":false,"nativeEvents":true,"proxy":{"proxyType":"direct"}}
[INFO  - 2014-09-12T23:42:57.904Z] SessionManagerReqHand - _postNewSessionCommand - New Session Created: 865383b0-3ad6-11e4-a1d6-6f975f065c6b
[INFO  - 2014-09-12T23:46:38.808Z] GhostDriver - Main - running on port 63809
[INFO  - 2014-09-12T23:46:38.870Z] Session [0a086720-3ad7-11e4-8b45-df27e0df0aad] - _decorateNewWindow - page.settings: {"XSSAuditingEnabled":false,"javascriptCanCloseWindows":true,"javascriptCanOpenWindows":true,"javascriptEnabled":true,"loadImages":true,"localToRemoteUrlAccessEnabled":false,"userAgent":"Mozilla/5.0 (Macintosh; Intel Mac OS X) AppleWebKit/534.34 (KHTML, like Gecko) PhantomJS/1.9.2 Safari/534.34","webSecurityEnabled":true}
[INFO  - 2014-09-12T23:46:38.870Z] Session [0a086720-3ad7-11e4-8b45-df27e0df0aad] - page.customHeaders:  - {}
[INFO  - 2014-09-12T23:46:38.870Z] Session [0a086720-3ad7-11e4-8b45-df27e0df0aad] - CONSTRUCTOR - Desired Capabilities: {"browserName":"phantomjs"}
[INFO  - 2014-09-12T23:46:38.870Z] Session [0a086720-3ad7-11e4-8b45-df27e0df0aad] - CONSTRUCTOR - Negotiated Capabilities: {"browserName":"phantomjs","version":"1.9.2","driverName":"ghostdriver","driverVersion":"1.0.4","platform":"mac-unknown-32bit","javascriptEnabled":true,"takesScreenshot":true,"handlesAlerts":false,"databaseEnabled":false,"locationContextEnabled":false,"applicationCacheEnabled":false,"browserConnectionEnabled":false,"cssSelectorsEnabled":true,"webStorageEnabled":false,"rotatable":false,"acceptSslCerts":false,"nativeEvents":true,"proxy":{"proxyType":"direct"}}
[INFO  - 2014-09-12T23:46:38.870Z] SessionManagerReqHand - _postNewSessionCommand - New Session Created: 0a086720-3ad7-11e4-8b45-df27e0df0aad
[INFO  - 2014-09-12T23:51:38.808Z] SessionManagerReqHand - _cleanupWindowlessSessions - Asynchronous Sessions clean-up phase starting NOW
[INFO  - 2014-09-12T23:56:38.807Z] SessionManagerReqHand - _cleanupWindowlessSessions - Asynchronous Sessions clean-up phase starting NOW
[INFO  - 2014-09-13T00:00:24.892Z] GhostDriver - Main - running on port 60228
[INFO  - 2014-09-13T00:00:24.945Z] Session [f66923b0-3ad8-11e4-9e1f-f59161191d8a] - _decorateNewWindow - page.settings: {"XSSAuditingEnabled":false,"javascriptCanCloseWindows":true,"javascriptCanOpenWindows":true,"javascriptEnabled":true,"loadImages":true,"localToRemoteUrlAccessEnabled":false,"userAgent":"Mozilla/5.0 (Macintosh; Intel Mac OS X) AppleWebKit/534.34 (KHTML, like Gecko) PhantomJS/1.9.2 Safari/534.34","webSecurityEnabled":true}
[INFO  - 2014-09-13T00:00:24.945Z] Session [f66923b0-3ad8-11e4-9e1f-f59161191d8a] - page.customHeaders:  - {}
[INFO  - 2014-09-13T00:00:24.945Z] Session [f66923b0-3ad8-11e4-9e1f-f59161191d8a] - CONSTRUCTOR - Desired Capabilities: {"browserName":"phantomjs"}
[INFO  - 2014-09-13T00:00:24.945Z] Session [f66923b0-3ad8-11e4-9e1f-f59161191d8a] - CONSTRUCTOR - Negotiated Capabilities: {"browserName":"phantomjs","version":"1.9.2","driverName":"ghostdriver","driverVersion":"1.0.4","platform":"mac-unknown-32bit","javascriptEnabled":true,"takesScreenshot":true,"handlesAlerts":false,"databaseEnabled":false,"locationContextEnabled":false,"applicationCacheEnabled":false,"browserConnectionEnabled":false,"cssSelectorsEnabled":true,"webStorageEnabled":false,"rotatable":false,"acceptSslCerts":false,"nativeEvents":true,"proxy":{"proxyType":"direct"}}
[INFO  - 2014-09-13T00:00:24.946Z] SessionManagerReqHand - _postNewSessionCommand - New Session Created: f66923b0-3ad8-11e4-9e1f-f59161191d8a
